









a 1 b 2 c 3 d 4 
Abadon
Abadon
Abadon
Abdon
Abdon
Abdon
Ábel
Ábel
Ábel
Abelard
Abelard
Abelard
Abigail
Abigail
Abigail
Abraham
Abraham
Abraham
Abrahám
Abrahám
Abrahám
Absolon
Absolon
Absolon
Absolón
Absolón
Absolón
Ada
Ada
Adalbert
Adalbert
Adalbert
Adalberta
Adalberta
Adam
Adam
Adam
Adéla
Adéla
Adéla
Adelaida
Adelaida
Adin
Adin
Adin
Adina
Adina
Adina
Adolf
Adolf
Adolf
Adolfa
Adolfa
Adolfína
Adolfína
Adrian
Adrian
Adrian
Adrián
Adrián
Adrián
Adriana
Adriana
Adriana
Adriána
Adriána
Adrien
Adriena
Adriena
Adriena
Afra
Afra
Agáta
Agáta
Agáta
Agaton
Agaton
Agaton
Aglaja
Aglaja
Aglaja
Achil
Achil
Achil
Achiles
Achiles
Achiles
Aida
Aida
Aida
Alan
Alan
Alan
Alana
Alana
Alban
Alban
Alban
Albena
Albena
Albert
Albert
Albert
Alberta
Alberta
Albertina
Albertina
Albertýna
Albertýna
Albín
Albín
Albín
Albína
Albína
Albína
Albrecht
Albrecht
Albrecht
Aldo
Aldo
Aldo
Alen
Alen
Alen
Alena
Alena
Alena
Aleš
Aleš
Aleš
Aleš
Aleška
Aleška
Alex
Alexandr
Alexandr
Alexandr
Alexandra
Alexandra
Alexandra
Alexej
Alexej
Alexej
Alfons
Alfons
Alfons
Alfréd
Alfréd
Alfréd
Alfréda
Alfréda
Alice
Alice
Alice
Alida
Alida
Alida
Alin
Alina
Alina
Alina
Alma
Alma
Alois
Alois
Alois
Aloisie
Aloisie
Alojz
Alojz
Alojz
Alojzije
Alojzije
Alva
Alva
Alva
Alvar
Alvar
Alvar
Alvin
Alvin
Alvin
Alžběta
Alžběta
Alžběta
Amadeus
Amadeus
Amadeus
Amálie
Amálie
Amálie
Amand
Amand
Amanda
Amanda
Amanda
Amát
Amát
Amát
Amáta
Amáta
Ambrož
Ambrož
Ambrož
Amélie
Amélie
Amon
Amos
Amos
Amos
Ámos
Ámos
Anabela
Anabela
Anabela
Anastáz
Anastáz
Anastázie
Anastázie
Anastázie
Anatázie
Anatázie
Anatol
Anatol
Anatolie
Anatolie
Anatólie
Anatólie
Anděl
Anděl
Anděla
Anděla
Anděla
Andělín
Andělín
Andělína
Andělína
Andrea
Andrea
Andrea
Andreas
Andrei
Andrej
Andrej
Andrej
Aneta
Aneta
Aneta
Anežka
Anežka
Anežka
Angela
Angela
Angela
Angelika
Angelika
Anita
Anita
Anita
Anna
Anna
Anna
Annaliesa
Anselm
Anselm
Anselma
Anselma
Antal
Antal
Antal
Antonie
Antonie
Antonie
Antonín
Antonín
Antonín
Apolena
Apolena
Apolena
Arabela
Arabela
Aram
Aram
Aranka
Aranka
Aranka
Areta
Areta
Areta
Ariadna
Ariadna
Ariadna
Arian
Ariana
Ariana
Ariana
Ariel
Ariel
Ariela
Ariela
Ariela
Arion
Aristid
Aristid
Arkád
Arkád
Arleta
Arleta
Arleta
Armand
Armand
Armando
Armida
Armida
Armida
Armin
Armin
Armin
Arna
Arna
Arne
Arne
Arnold
Arnold
Arnold
Arnolda
Arnolda
Arnošt
Arnošt
Arnošt
Arnoštka
Arnoštka
Áron
Áron
Árón
Árón
Arpád
Arpád
Arpád
Arsen
Arsen
Artur
Artur
Artur
Artuš
Artuš
Arzen
Arzen
Astrid
Astrid
Astrida
Astrida
Atanas
Atanas
Atanáš
Atanáš
Atanázie
Atanázie
Atila
Atila
Atila
Atilla
Attila
August
August
Augusta
Augusta
Augustin
Augustin
Augustin
Augustina
Augustina
Augustýn
Augustýn
Augustýn
Augustýna
Augustýna
Aura
Aura
Aurel
Aurel
Aurelián
Aurelián
Aurélie
Aurélie
Aurelio
Aurora
Aurora
Auto              bus
Axamit
Axel
Axel
Axel
Babeta
Babeta
Baltazar
Baltazar
Barabáš
Barbara
Barbara
Barbora
Barbora
Barbora
Barnabáš
Barnabáš
Bartoloměj
Bartoloměj
Bartoloměj
Basil
Basil
Bazil
Bazil
Beáta
Beáta
Beáta
Beatrice
Beatrice
Beatus
Beatus
Bedřich
Bedřich
Bedřich
Bedřiška
Bedřiška
Bela
Bela
Bela
Běla
Běla
Běla
Belinda
Belinda
Belinda
Benedikt
Benedikt
Benedikt
Benedikta
Benedikta
Benjamin
Benjamin
Benjamin
Benjamín
Benjamín
Beno
Berenika
Berenika
Berenika
Berit
Berit
Bernadeta
Bernard
Bernard
Bernard
Bernarda
Bernarda
Berta
Berta
Berta
Bertold
Bertold
Bertolda
Bertolda
Bertram
Bertram
Bertram
Bianka
Bianka
Bianka
Bibiana
Bibiana
Bibiana
Birgit
Birgit
Birgita
Birgita
Bivoj
Bivoj
Blahomil
Blahomil
Blahomil
Blahomila
Blahomila
Blahomír
Blahomír
Blahomír
Blahomíra
Blahomíra
Blahoslav
Blahoslav
Blahoslav
Blahoslava
Blahoslava
Blanka
Blanka
Blanka
Blažej
Blažej
Blažej
Blažena
Blažena
Blažena
Bohdan
Bohdan
Bohdan
Bohdana
Bohdana
Bohdana
Bohuchval
Bohuchval
Bohuchval
Bohumil
Bohumil
Bohumil
Bohumila
Bohumila
Bohumila
Bohumír
Bohumír
Bohumír
Bohumíra
Bohumíra
Bohun
Bohun
Bohuna
Bohuna
Bohuslav
Bohuslav
Bohuslav
Bohuslava
Bohuslava
Bohuslava
Bohuš
Bohuš
Bohuše
Bohuše
Bojan
Bojan
Bojan
Bojana
Bojana
Bojislava
Bojislava
Bolemír
Bolemír
Bolemír
Boleslav
Boleslav
Boleslav
Boleslava
Boleslava
Bonaventura
Bonifác
Bonifác
Bonifác
Borek
Borek
Boris
Boris
Boris
Borislav
Borislav
Borislav
Borislava
Borislava
Bořek
Bořek
Bořek
Bořislav
Bořislav
Bořislava
Bořislava
Bořivoj
Bořivoj
Bořivoj
Božena
Božena
Božena
Božetěch
Božetěch
Božetěch
Božetěcha
Božetěcha
Božidar
Božidar
Božidar
Božidara
Božidara
Božislav
Božislav
Branimír
Branimír
Branimíra
Branimíra
Branislav
Branislav
Branislava
Branislava
Bratislav
Bratislav
Bratislav
Bratislava
Bratislava
Brenda
Brenda
Bret
Bret
Brian
Brian
Brigita
Brigita
Brigita
Brit
Brit
Brita
Brita
Bronislav
Bronislav
Bronislav
Bronislava
Bronislava
Bruna
Bruna
Brunhilda
Brunhilda
Brunhilda
Bruno
Bruno
Bruno
Břetislav
Břetislav
Břetislav
Břetislava
Břetislava
Budimír
Budimír
Budislav
Budislav
Budivoj
Budivoj
Cecil
Cecil
Cecil
Cecilie
Cecilie
Cecílie
Cecílie
Cecílie
Cedrik
Cedrik
Celestin
Celestin
Celestina
Celestina
Celestýn
Celestýn
Celestýn
Celestýna
Celestýna
Celestýna
Celie
Celie
Celina
Celina
César
César
Cézar
Cézar
Crha
Ctibor
Ctibor
Ctibor
Ctibora
Ctibora
Ctirad
Ctirad
Ctirad
Ctirada
Ctirada
Ctislav
Ctislav
Ctislav
Ctislava
Ctislava
Cyntie
Cyntie
Cyprián
Cyprián
Cyprián
Cyril
Cyril
Cyril
Cyrila
Cyrila
Čeněk
Čeněk
Čeněk
Čeňka
Čeňka
Česlav
Česlava
Čestmír
Čestmír
Čestmír
Čestmíra
Čestmíra
Čistoslav
Čistoslav
Čistoslava
Čistoslava
ďábel
Dag
Dag
Dag
Dagmar
Dagmar
Dagmar
Dagmara
Dagmara
Daisy
Dalibor
Dalibor
Dalibor
Dalibora
Dalibora
Dalida
Dalida
Dalie
Dalie
Dalila
Dalila
Dalimil
Dalimil
Dalimil
Dalimila
Dalimila
Dalimír
Dalimír
Dalimíra
Dalimíra
Damaris
Damaris
Damián
Damián
Damiana
Damiana
Damiána
Damiána
Dan
Dan
Dana
Dana
Dana
Danica
Danica
Daniel
Daniel
Daniel
Daniela
Daniela
Daniela
Danuše
Danuše
Danuta
Danuta
Darek
Darek
Daria
Daria
Darie
Darie
Darina
Darina
Darina
Darius
Darius
Darja
Darja
Darja
das
ďas
das   
das  
ďasovec
dášovec
David
David
David
Davida
Davida
Deana
Debora
Debora
Delie
Delie
Denis
Denis
Denisa
Denisa
Denisa
Děpold
Děpold
děs
Dětmar
Dětmar
Dětřich
Dětřich
Dezider
Dezider
Diana
Diana
Diana
Dimitrij
Dimitrij
Dimitris
Dina
Dina
Dino
Dino
Dionýz
Dionýz
Dionýzos
Dionýzos
Dita
Dita
Dita
Diviš
Diviš
Diviška
Diviška
Dluhoš
Dluhoš
Dmitr
Dobrava
Dobrava
Dobromil
Dobromil
Dobromila
Dobromila
Dobromila
Dobromír
Dobromír
Dobromíra
Dobromíra
Dobroslav
Dobroslav
Dobroslav
Dobroslava
Dobroslava
Dominik
Dominik
Dominik
Dominika
Dominika
Dominika
Donald
Donald
Donalda
Donalda
Donát
Donát
Donáta
Donáta
Donna
Dora
Dora
Dorian
Dorian
Dorian
Dorián
Dorián
Dorin
Doris
Doris
Dorota
Dorota
Dorota
Doubrava
Doubrava
Doubravka
Doubravka
Doubravka
Drahomil
Drahomil
Drahomila
Drahomila
Drahomír
Drahomír
Drahomíra
Drahomíra
Drahomíra
Drahoň
Drahoň
Drahoslav
Drahoslav
Drahoslav
Drahoslava
Drahoslava
Drahoslava
Drahoš
Drahoš
Drahotín
Drahotín
Drahotína
Drahotína
Drahuše
Drahuše
Drahutin
Drahutin
Dulcinea
Dulcinea
Dušan
Dušan
Dušan
Dušana
Dušana
Džamil
Džamila
Edgar
Edgar
Edita
Edita
Edita
Edmond
Edmond
Edmund
Edmund
Eduard
Eduard
Eduard
Eduarda
Eduarda
Edvard
Edvard
Edvarda
Edvarda
Edvin
Edvin
Edvín
Edvín
Egmont
Egmont
Egon
Egon
Egon
Egona
Egona
Ela
Ela
Elektra
Elektra
Elena
Elena
Elena
Eleonora
Eleonora
Eleonora
Elfrída
Elfrída
Eliáš
Eliáš
Elisa
Elisabeta
Eliška
Eliška
Eliška
Elizej
Elizej
Elizeus
Elizeus
Elke
Elmar
Elmar
Elsa
Elsa
Elvíra
Elvíra
Elvis
Elvis
Elza
Elza
Elza
Ema
Ema
Ema
Emanuel
Emanuel
Emanuel
Emanuel
Emanuel
Emanuela
Emanuela
Emerich
Emerich
Emil
Emil
Emil
Emilián
Emilián
Emilie
Emilie
Emílie
Emílie
Emílie
Emily
Emma
Ena
Engelbert
Engelbert
Erazim
Erazim
Erazmus
Erazmus
Erhard
Erhard
Erich
Erich
Erik
Erik
Erik
Erika
Erika
Erika
Erna
Erna
Ernest
Ernest
Ernst
Ernst
Ervín
Ervín
Ervín
Ervína
Ervína
Estela
Estela
Ester
Ester
Ester
Estera
Estera
Etel
Etela
Etela
Eufrozina
Eufrozina
Eufrozína
Eufrozína
Eugen
Eugen
Eugenie
Eugenie
Eulálie
Eulálie
Eunika
Eunika
Eusebie
Eusebie
Eusebius
Eusebius
Eva
Eva
Eva
Evald
Evald
Evan
Evan
Evarist
Evarist
Evelina
Evelina
Evelína
Evelína
Evelína
Evžen
Evžen
Evžen
Evženie
Evženie
Evžénie
Ezechiel
Ezechiel
Ezra
Ezra
Fabián
Fabián
Fabiána
Fabiána
Fabie
Fabie
Fatima
Fatima
Faust
Faust
Faustin
Faustin
Faustina
Faustina
Faustýn
Faustýn
Faustýna
Faustýna
Féba
Féba
Fedor
Fedor
Fedora
Fedora
Felicián
Felicián
Felicie
Felicie
Felície
Felície
Felicita
Felicita
Felix
Felix
Felix
Ferdinand
Ferdinand
Ferdinand
Ferdinanda
Ferdinanda
Fidel
Fidel
Fidelie
Fidelie
Fidelius
Fidelius
Filemon
Filemon
Filibert
Filibert
Filip
Filip
Filip
Filipa
Filipa
Filipa
Filomen
Filomen
Filoména
Filoména
Fjodor
Flavián
Flavián
Flavie
Flavie
Flavius
Flavius
Flora
Flora
Flóra
Flóra
Florentin
Florentin
Florentina
Florentina
Florentýn
Florentýn
Florentýna
Florentýna
Florian
Florián
Florián
Florin
Fortunát
Fortunát
Fráňa
Fráňa
Franc
Franc
František
František
František
Františka
Františka
Františka
Frída
Frída
Fridolín
Fridolín
Fridolín
Gabin
Gabin
Gabriel
Gabriel
Gabriel
Gabriela
Gabriela
Gabriela
Gabriella
Gaja
Gaja
Gajana
Gajana
Gál
Gál
Galina
Galina
Garik
Garik
Garika
Garika
Gaston
Gaston
Gedeon
Gedeon
Gejza
Gejza
Gema
Gema
Genadij
Genadij
Gerald
Gerald
Geralda
Geralda
Geraldina
Geraldina
Gerard
Gerard
Gerarda
Gerarda
Gerardina
Gerardina
Gerazim
Gerazim
Gerda
Gerda
Gerhard
Gerhard
Gerharda
Gerharda
Gertruda
Gertruda
Géza
Géza
Gilbert
Gilbert
Gilberta
Gilberta
Gina
Gina
Gisela
Gisela
Gita
Gita
Gita
Gizela
Gizela
Gizela
Gleb
Gleb
Glen
Glen
Glorie
Glorie
Gorazd
Gorazd
Gorazd
Gordana
Gordana
Gordon
Gordon
Gothard
Gothard
Gracián
Gracián
Graciána
Graciána
Gracie
Gracie
Grácie
Grácie
Grant
Grant
Gražina
Gražina
Gréta
Gréta
Griselda
Griselda
Grizelda
Grizelda
Gudrun
Gudrun
Gunter
Gunter
Gunter
Gunter
Gustav
Gustav
Gustav
Gustava
Gustava
Gvendolina
Gvendolina
Gvendolína
Gvendolína
Gwenda
Hadrián
Halina
Halina
Hana
Hana
Hana
Hanuš
Hanuš
Hanuš
Harald
Harald
Harold
Harold
Haštal
Haštal
Háta
Háta
Havel
Havel
Havel
Havla
Havla
Heda
Heda
Heda
Hedvika
Hedvika
Hedvika
Heidrun
Heidrun
Helena
Helena
Helena
Helga
Helga
Helmut
Helmut
Herbert
Herbert
Herbert
Herberta
Herberta
Herman
Herman
Hermína
Hermína
Hermína
Herta
Herta
Heřman
Heřman
Heřman
Hilar
Hilar
Hilarius
Hilarius
Hilda
Hilda
Hjalmar
Hjalmar
hmaták
Homér
Homér
Honor
Honor
Honorius
Honorius
Horác
Horác
Horst
Horst
Hortensie
Hortensie
Hortenzie
Hortenzie
Horymír
Horymír
Horymír
Horymíra
Horymíra
Hostimil
Hostimil
Hostimila
Hostimila
Hostimír
Hostimír
Hostimíra
Hostimíra
Hostislav
Hostislav
Hostislava
Hostislava
Hostivín
Hostivít
Hostivít
Hovard
Hovard
Hubert
Hubert
Hubert
Hugo
Hugo
Hugo
Hvězdoslav
Hvězdoslav
Hvězdoslava
Hvězdoslava
Hyacint
Hyacint
Hyacinta
Hyacinta
Hynek
Hynek
Hynek
Hypolit
Hypolit
Chaim
Chajim
cheche
chchch
chmaták
Chrabroš
Chrabroš
Chraniboj
Chraniboj
Chranibor
Chranibor
Chranislav
Chranislav
Chranislava
Chranislava
Chrudoš
Chrudoš
Chrudoš
chuh
chuchvalec
chuchvalec
church
church  
churcha
churchc
churchx
church.
chuť
chuť  
chuť    
Chval
Chval
Iboja
Iboja
Ida
Ida
Ida
Ignác
Ignác
Ignác
Ignácie
Ignácie
Ignát
Ignát
Ignáta
Ignáta
Igor
Igor
Igor
Ildika
Ildika
Ilja
Ilja
Ilja
Iljana
Iljana
Ilona
Ilona
Ilona
Ilsa
Ilsa
Ilza
Ilza
Ines
Ines
Inesa
Inesa
Inéz
Inéz
Ingeborg
Ingeborg
Ingeborga
Ingeborga
Ingemar
Ingrid
Ingrid
Ingrid
Ingrida
Ingrida
Inka
Inka
Inocenc
Inocenc
Irena
Irena
Irena
Irenej
Irenej
Ireneus
Ireneus
Iris
Iris
Irma
Irma
Irma
Irvin
Irvin
Isabela
Isabela
Isabela
Isabella
Isidor
Isidor
Isidora
Isidora
Isolda
Isolda
Iulian
Iva
Iva
Iva
Ivan
Ivan
Ivan
Ivana
Ivana
Ivana
Ivar
Ivar
Iveta
Iveta
Iveta
Ivo
Ivo
Ivo
Ivona
Ivona
Ivona
Ivor
Ivor
Izabela
Izabela
Izabela
Izaiáš
Izaiáš
Izák
Izák
Izidor
Izidor
Izidora
Izidora
Izmael
Izmael
Izolda
Izolda
Jacek
Jacek
Jadrana
Jadrana
Jadranka
Jadranka
Jáchym
Jáchym
Jáchym
Jakub
Jakub
Jakub
Jakuba
Jakuba
Jakubka
Jakubka
Jan
Jan
Jan
Jan
Jana
Jana
Jana
Jánoš
Januš
Jarda Aleš Dominik Jan Honza David Popocatepetl Adéla Jana Miloslav
Jarmil
Jarmil
Jarmil
Jarmila
Jarmila
Jarmila
Jarolím
Jarolím
Jarolíma
Jarolíma
Jaromil
Jaromil
Jaromír
Jaromír
Jaromír
Jaromíra
Jaromíra
Jaroslav
Jaroslav
Jaroslav
Jaroslava
Jaroslava
Jaroslava
Jasmína
Jasmína
Jasna
Jasna
Jasněna
Jasněna
Jason
Jason
Jasoň
Jasoň
Jelena
Jelena
Jenovéfa
Jenovéfa
Jeremiáš
Jeremiáš
Jeroným
Jeroným
Jeroným
Jesika
Jesika
Jessika
Jiljí
Jiljí
Jimram
Jimram
Jindra
Jindra
Jindra
Jindřich
Jindřich
Jindřich
Jindřiška
Jindřiška
Jindřiška
Jiří
Jiří
Jiří
Jiřina
Jiřina
Jiřina
Jitka
Jitka
Jitka
Job
Job
Joel
Joel
Johana
Johana
Johana
Jolana
Jolana
Jolana
Jolanta
Jolanta
Jonáš
Jonáš
Jonáš
Jonatan
Jonatan
Jonathan
Jonathan
Jordan
Jordan
Jordana
Jordana
Jorga
Jorga
Josef
Josef
Josef
Josefa
Josefa
Josefína
Josefína
Joshua
Jošt
Jošt
Jovana
Jovana
Jozef
Jozef
Jozefa
Jozefa
Jozefína
Jozefína
Jozue
Jozue
Juda
Juda
Judita
Judita
Judita
Julián
Julián
Juliana
Juliana
Juliána
Juliána
Julie
Julie
Julie
Julius
Julius
Julius
Justin
Justin
Justina
Justina
Justýn
Justýn
Justýna
Justýna
Justýna
Juta
Juta
Kajetán
Kajetán
Kamil
Kamil
Kamil
Kamila
Kamila
Kamila
Karel
Karel
Karel
Karin
Karin
Karina
Karina
Karina
Karla
Karla
Karla
Karmela
Karmela
Karmen
Karmen
Karolina
Karolina
Karolína
Karolína
Karolína
Kasián
Kasián
Kaspar
Kastor
Kastor
Kašpar
Kašpar
Kašpar
Kateřina
Kateřina
Kateřina
Katia
Katka
Katrin
Katrin
Katrina
Katrina
Katy
Kazi
Kazi
Kazimír
Kazimír
Kazimír
Kazimíra
Kazimíra
Kelly
Kilián
Kilián
Kim
Kim
Kira
Kira
Klára
Klára
Klára
Klarisa
Klaudián
Klaudián
Klaudie
Klaudie
Klaudie
Klaudius
Klaudius
Klement
Klement
Klement
Klementina
Klementina
Klementýna
Klementýna
Kleopatra
Kleopatra
Kliment
Kliment
Kliment
Klotylda
Klotylda
Knut
Knut
Koleta
Koleta
Koloman
Koloman
Kolombín
Kolombín
Kolombína
Kolombína
Kolumbán
Kolumbán
Kolumbín
Kolumbín
Kolumbína
Kolumbína
Konrád
Konrád
Konstance
Konstance
Konstancie
Konstancie
Konstantin
Konstantin
Konstantin
Konstantýn
Konstantýn
Konsuela
Konsuela
Konzuela
Konzuela
Kora
Kora
Kordula
Kordula
Koridon
Korina
Korina
Kornel
Kornel
Kornélie
Kornélie
Kornelius
Kornelius
Kosma
Kosma
Kosmas
Kosmas
Krasava
Krasava
Krasimír
Krasomil
Krasomil
Krasomila
Krasomila
Krasoslav
Krasoslav
Kristián
Kristián
Kristián
Kristina
Kristina
Kristina
Kristýna
Kristýna
Kristýna
Kryšpín
Kryšpín
Kryštof
Kryštof
Kryštof
Křesomysl
Křesomysl
Křesomysl
Křišťan
Křišťan
Kunhuta
Kunhuta
Kurt
Kurt
Květa
Květa
Květa
Květoň
Květoň
Květoslav
Květoslav
Květoslav
Květoslava
Květoslava
Květoslava
Květoš
Květoš
Květuše
Květuše
Kvido
Kvido
Kvido
Lada
Lada
Lada
Ladislav
Ladislav
Ladislav
Ladislava
Ladislava
Ladislava
Lambert
Lambert
Larisa
Larisa
Lars
Lars
Laura
Laura
Laura
Laurenc
Laurenc
Laurencie
Laurencie
Lazar
Lazar
Lea
Lea
Leander
Leander
Leandr
Leandr
Léda
Léda
Leila
Leila
Lejla
Lejla
Lena
Lena
Lenka
Lenka
Lenka
Leo
Leo
Leo
Leodegar
Leodegar
Leokádie
Leokádie
Leon
Leon
Leona
Leona
Leona
Leonard
Leonard
Leonid
Leonid
Leonora
Leonora
Leontina
Leontina
Leontina
Leontýn
Leontýn
Leontýna
Leontýna
Leopold
Leopold
Leopold
Leopolda
Leopolda
Leopoldina
Leopoldina
Leopoldýna
Leopoldýna
Leoš
Leoš
Leoš
Lešek
Lešek
Leticie
Leticie
Lev
Lev
Lia
Lia
Lia
Liana
Liana
Liběna
Liběna
Liběna
Libor
Libor
Libor
Libora
Libora
Liboslav
Liboslav
Liboslava
Liboslava
Libuše
Libuše
Libuše
Lidmila
Lidmila
Liliana
Liliana
Liliana
Lina
Lina
Linda
Linda
Linda
Lionel
Lionel
Lipan
Lisa
Livie
Livie
Livie
Livius
Livius
Ljuba
Ljuba
Ljuba
Lola
Lola
Lorenc
Lorenc
Loreta
Loreta
Lorna
Lorna
Lota
Lota
Lotar
Lotar
Lothar
Lothar
Lubomír
Lubomír
Lubomír
Lubomíra
Lubomíra
Lubor
Lubor
Lubor
Luboslav
Luboslav
Luboslava
Luboslava
Luboš
Luboš
Luboš
Lucian
Lucián
Lucián
Luciána
Luciána
Lucie
Lucie
Lucie
Lucius
Lucius
Luděk
Luděk
Luděk
Ludiše
Ludiše
Ludivoj
Ludivoj
Luďka
Luďka
Ludmila
Ludmila
Ludmila
Ludomír
Ludomír
Ludomíra
Ludomíra
Ludoslav
Ludoslav
Ludoslava
Ludoslava
Ludvík
Ludvík
Ludvík
Ludvika
Ludvika
Ludvíka
Ludvíka
Luisa
Luisa
Lujza
Lujza
Lukáš
Lukáš
Lukáš
Lukrécie
Lukrécie
Lukrecius
Lukrecius
Lumír
Lumír
Lumír
Lumíra
Lumíra
Lutibor
Lutibor
Lutobor
Lutobor
Lydie
Lydie
Lýdie
Lýdie
Lýdie
Mabel
Mabel
Mabela
Mabela
Magda
Magda
Magdalena
Magdalena
Magdaléna
Magdaléna
Magdaléna
Magnus
Magnus
Mahulena
Mahulena
Mahulena
Maja
Maja
Maja
Mája
Mája
Mája
Makar
Makar
Malvína
Malvína
Malvína
Manfred
Manfred
Manfréd
Manfréd
Manon
Manon
Manona
Manona
Mansvet
Mansvet
Manuel
Manuel
Manuela
Manuela
Marcel
Marcel
Marcel
Marcela
Marcela
Marcela
Marcelína
Marcelína
Marek
Marek
Marek
Margit
Margit
Margita
Margita
Marian
Marian
Marián
Marián
Marián
Mariana
Mariana
Mariana
Marie
Marie
Marie
Marieta
Marieta
Marika
Marika
Marika
Marilyn
Marilyn
Marin
Marin
Marin
Marina
Marina
Marina
Mario
Mario
Mariola
Mariola
Marion
Marion
Marisa
Marisa
Marita
Marita
Marius
Marius
Marius
Markéta
Markéta
Markéta
Marlena
Marlena
Maroš
Marta
Marta
Marta
Martin
Martin
Martin
Martina
Martina
Martina
Matěj
Matěj
Matěj
Matouš
Matouš
Matouš
Matyáš
Matyáš
Matyáš
Matylda
Matylda
Matylda
Maud
Maud
Max
Max
Maxim
Maxim
Maxim
Maxima
Maxima
Maximilián
Maximilián
Maxmilián
Maxmilián
Maxmilián
Mečislav
Mečislav
Mečislava
Mečislava
Medard
Medard
Medard
Medea
Medea
Médea
Médea
Melánie
Melánie
Melichar
Melichar
Melinda
Melinda
Melisa
Melisa
Melita
Melita
Mercedes
Mercedes
Merlin
Merlin
Mervin
Mervin
Metod
Metod
Metoděj
Metoděj
Metoděj
mezeraNaKonciRadku 
Michael
Michael
Michaela
Michaela
Michaela
Michal
Michal
Michal
Michala
Michala
Mikoláš
Mikoláš
Mikuláš
Mikuláš
Mikuláš
Milada
Milada
Milada
Milan
Milan
Milan
Milana
Milana
Milena
Milena
Milena
Milíč
Milíč
Milík
Milík
Milivoj
Milivoj
Miloň
Miloň
Milorad
Milorad
Miloslav
Miloslav
Miloslav
Miloslava
Miloslava
Miloslava
Miloš
Miloš
Miloš
Milota
Milota
Milouš
Milouš
Milovan
Milovan
Milovín
Milovín
Milred
Milred
Miluše
Miluše
Miluše
Milutín
Milutín
Mína
Mína
Mira
Mira
Mirabela
Mirabela
Miranda
Miranda
Mircea
Mirek
Mirek
Mirela
Mirela
Miriam
Miriam
Miriam
Mirjam
Mirjam
Mirka
Mirka
Mirko
Mirko
Miromil
Miromil
Miromila
Miromila
Miron
Miron
Miron
Miroslav
Miroslav
Miroslav
Miroslava
Miroslava
Miroslava
Mirtil
Mirtil
Mlad
Mlad
Mlada
Mladen
Mladen
Mlhoš
Mnata
Mnata
Mnata
Mnislav
Mnislav
Mnislava
Mnislava
Modest
Modest
Mojmír
Mojmír
Mojmír
Mojžíš
Mojžíš
Mona
Mona
Monika
Monika
Monika
Morgan
Morgan
Moric
Moric
Moris
Moris
Mořic
Mořic
Mstislav
Mstislav
Muriel
Muriel
Muriela
Muriela
Myrna
Myrna
Myron
Myron
Myrtil
Myrtil
Naďa
Naďa
Naďa
Naděžda
Naděžda
Naděžda
Naneta
Naneta
Napoleon
Napoleon
Narcis
Narcis
Narcis
Narcisa
Narcisa
Narcisa
Nastasja
Nastěnka
Natalie
Natalie
Natálie
Natálie
Natálie
Natan
Natan
Natanael
Natanael
Natanael
Nataša
Nataša
Nataša
Nathan
Nathan
Nathanael
Nathanael
Nazarius
Neda
Neda
Něhoslav
Něhoslav
Neklan
Neklan
Neklan
Nela
Nela
Nela
Nelu
Nepomuk
Nepomuk
Nereus
Nevena
Nevena
Nezamysl
Nezamysl
Nezamysl
Nicolae
Nicoleta
Nicu
Nidgar
Niels
Nika
Nika
Nika
Nikander
Nikanor
Nikasius
Niké
Niké
Nikefor
Nikeforos
Niket
Nikita
Nikita
Nikita
Nikodém
Nikodém
Nikodém
Nikodéma
Nikodéma
Nikol
Nikol
Nikola
Nikola
Nikola
Nikola
Nikola
Nikola
Nikolas
Nikolas
Nikolas
Nikolaus
Nikoleta
Nikolita
Nikon
Nila
Nila
Nina
Nina
Nina
Ninoslav
Nivard
Noema
Noema
Noemi
Noemi
Noemi
Nona
Nona
Nonius
Nonna
Nonnosus
Nora
Nora
Nora
Norbert
Norbert
Norbert
Norberta
Norberta
Norma
Norma
Norman
Norman
Norman
Nymfa
Octavian
Odeta
Odeta
Odeta
Odolen
Odolen
Odon
Odon
Ofélie
Ofélie
ochechule
Oktavián
Oktavián
Oktavie
Oktavie
Oktávie
Oktávie
Oktavius
Oktavius
Olaf
Olaf
Olbram
Olbram
Oldřich
Oldřich
Oldřich
Oldřiška
Oldřiška
Oldřiška
Oleg
Oleg
Oleg
Olga
Olga
Olga
Oliva
Oliva
Oliver
Oliver
Oliver
Olivie
Olivie
Olívie
Olympie
Olympie
Omar
Omar
Ondřej
Ondřej
Ondřej
Ondřejka
Ondřejka
Orest
Orest
Oskar
Oskar
Oskar
Osvald
Osvald
Ota
Ota
Otakar
Otakar
Otakar
Otakara
Otakara
Otilie
Otilie
Otmar
Otmar
Otmar
Oto
Oto
Oto
Otokar
Otokar
Otomar
Otomar
Otýlie
Otýlie
Otýlie
Ovidius
Ovidius
Oxana
Oxana
Palmira
Palmira
Palmiro
Palmiro
Pamela
Pamela
Pankrác
Pankrác
Pankrác
Pantaleon
Pantaleon
Paris
Paris
Parsival
Parsival
Paskal
Paskal
Paskala
Paskala
Patricie
Patricie
Patricie
Patrik
Patrik
Patrik
Pavel
Pavel
Pavel
Pavla
Pavla
Pavla
Pavlín
Pavlín
Pavlín
Pavlína
Pavlína
Pavlína
Pelagie
Pelagie
Pelhřim
Pelhřim
Penelopa
Penelopa
Peregrin
Perikles
Perikles
Perla
Perla
Persida
Persida
Perzida
Perzida
Petr
Petr
Petr
Petra
Petra
Petra
Petrana
Petrana
Petronela
Petronela
Petronila
Petronila
Petronius
Petronius
Petruše
Petruše
Petula
Petula
Pia
Pilar
Pilar
Pius
Pius
Pius
Platon
Platon
Platón
Platón
Polykarp
Polykarp
Polyxena
Polyxena
Pravdomil
Pravdomil
Pravdomila
Pravdomila
Pravomil
Pravomil
Pravomila
Pravomila
Pravoslav
Pravoslav
Pravoslav
Pravoslava
Pravoslava
Pribin
Priscila
Priscila
Priska
Priska
Prokop
Prokop
Prokop
Prokopa
Prokopa
Prokopa
Prosper
Prosper
proud stejnosměrný
proud   střídavý
proudění
Přemysl
Přemysl
Přemysl
Přibyslav
Přibyslav
Přibyslava
Přibyslava
Quido
Radan
Radan
Radan
Radana
Radana
Radana
Radegast
Radegast
Radek
Radek
Radek
Radhost
Radhost
Radim
Radim
Radim
Radimír
Radimír
Radimíra
Radimíra
Radislav
Radislav
Radislava
Radislava
Radivoj
Radivoj
Radka
Radka
Radka
Radko
Radko
Radmil
Radmil
Radmila
Radmila
Radmila
Radomil
Radomil
Radomila
Radomila
Radomír
Radomír
Radomír
Radomíra
Radomíra
Radoslav
Radoslav
Radoslav
Radoslava
Radoslava
Radoš
Radoš
Radovan
Radovan
Radovan
Radovana
Radovana
Radslava
Radslava
Radu
Radúz
Radúz
Radvan
Radvan
Rafael
Rafael
Rafael
Rafaela
Rafaela
Ráchel
Ráchel
Raimund
Raimund
Rainald
Rainald
Rainer
Rainer
Rainhard
Rainhard
Rainold
Rainold
Raisa
Raisa
Rajko
Rajko
Rajsa
Rajsa
Ralf
Ralf
Ramon
Ramon
Ramona
Ramona
Randolf
Randolf
Ranek
Ranek
Ranko
Ranko
Rastislav
Rastislav
Rastislava
Rastislava
Ratibor
Ratibor
Ratmír
Ratmír
Rebeka
Rebeka
Redmond
Redmond
Regina
Regina
Regína
Regína
Regína
Reginald
Reginald
Remig
Remig
Remus
Remus
Renát
Renát
Renata
Renata
Renáta
Renáta
Renáta
René
René
René
René
René
Restituta
Ria
Ria
Riana
Riana
Richard
Richard
Richard
Richarda
Richarda
Rina
Rina
Rita
Rita
Rita
Robert
Robert
Robert
Roberta
Roberta
Robin
Robin
Robin
Robina
Robina
Robinson
Robinson
Rodan
Rodan
Rodan
Roderik
Roderik
Roderik
Rodrigo
Rodrigo
Roger
Roger
Roch
Roch
Roland
Roland
Roland
Rolf
Rolf
Roman
Roman
Roman
Romana
Romana
Romana
Romeo
Romeo
Romuald
Romuald
Romul
Romul
Romulus
Romulus
Ronald
Ronald
Rosa
Rosa
Rosalinda
Rosalinda
Rosalinda
Rosamunda
Rosamunda
Rosana
Rosana
Rostislav
Rostislav
Rostislav
Rostislava
Rostislava
Rovena
Rovena
Roxana
Roxana
Róza
Róza
Rozálie
Rozálie
Rozálie
Rozalinda
Rozalinda
Rozamunda
Rozamunda
Rozana
Rozana
Rozina
Rozina
Rozita
Rozita
Rozvita
Rozvita
Ruben
Ruben
Rudolf
Rudolf
Rudolf
Rudolfa
Rudolfa
Rudolfina
Rudolfina
Rudolfína
Rudolfína
Rufus
Rufus
Rupert
Rupert
Ruprecht
Ruprecht
Ruslan
Ruslan
Rut
Rut
Rút
Rút
Rút
Růžena
Růžena
Růžena
Řehoř
Řehoř
Řehoř
Řehořka
Řehořka
Saaba
Sába
Sába
Sabina
Sabina
Sabina
Sabrina
Sabrina
Sally
Salomea
Salomea
Salomena
Salomena
Sámo
Sámo
Samson
Samson
Samuel
Samuel
Samuel
Samuela
Samuela
Sandra
Sandra
Sandra
Sante
Sára
Sára
Sára
Saskia
Saskia
Saskie
Saskie
Saskie
Saturnin
Saturnin
Saul
Saul
Sáva
Sáva
Sáva
Saxona
Saxona
Sebastian
Sebastian
Sebastian
Sebastián
Sebastián
Sebestian
Sebestian
Sedrik
Sedrik
Selena
Selena
Selma
Selma
Senta
Senta
Serafín
Serafín
Serafína
Serafína
Serena
Serena
Serenus
Serenus
Sergej
Sergej
Servác
Servác
Servác
Severín
Severín
Scholastika
Scholastika
Sibyla
Sibyla
Sidon
Sidon
Sidonie
Sidonie
Sigfríd
Sigfríd
Silvan
Silvan
Silván
Silván
Silvána
Silvána
Silvestr
Silvestr
Silvestr
Silvie
Silvie
Silvie
Silvius
Silvius
Simeon
Simeon
Simeona
Simeona
Simon
Simon
Simon
Simona
Simona
Simona
Sinkler
Sinkler
Sixt
Sixt
Sixtus
Sixtus
Skarlet
Skarlet
Skarleta
Skarleta
Slávek
Slávek
Slavěna
Slavěna
Slavěna
Slaviboj
Slaviboj
Slavibor
Slavibor
Slávka
Slávka
Slavoboj
Slavoboj
Slavoj
Slavoj
Slavomil
Slavomil
Slavomila
Slavomila
Slavomír
Slavomír
Slavomír
Slavomíra
Slavomíra
Smil
Smil
Soběslav
Soběslav
Soběslav
Soběslava
Soběslava
Sofie
Sofie
Sofie
Sofronie
Sofronie
Sokrat
Sokrat
Solveig
Solveig
Solveiga
Solveiga
Soňa
Soňa
Soňa
Sorin
Soter
Soter
Sotira
Sotira
Spytihněv
Spytihněv
Stanimír
Stanimír
Stanislav
Stanislav
Stanislav
Stanislava
Stanislava
Stanislava
Stáza
Stáza
Stela
Stela
Stela
Stelian
Stojan
Stojan
Stojmír
Stojmír
Strachota
Svatava
Svatava
Svatava
Svatoboj
Svatoboj
Svatobor
Svatobor
Svatomír
Svatomír
Svatopluk
Svatopluk
Svatopluk
Svatoslav
Svatoslav
Svatoslav
Svatoslava
Svatoslava
Sven
Sven
Sven
Světla
Světla
Světlana
Světlana
Světlana
Světluše
Světluše
Svetozar
Svetozar
Sylva
Sylva
Sylvie
Sylvie
Sylvie
Sylvie
Šalamoun
Šalamoun
Šalomoun
Šalomoun
Šárka
Šárka
Šárka
Šarlota
Šarlota
Šarlota
Šavel
Šavel
Šebastián
Šebastián
Šimon
Šimon
Šimon
Šimona
Šimona
Šťasta
Šťasta
Štefan
Štefan
Štefan
Štěpán
Štěpán
Štěpán
Štěpána
Štěpána
Štěpánka
Štěpánka
Štěpánka
Tadeáš
Tadeáš
Tadeáš
Tamara
Tamara
Tamara
Táňa
Táňa
Tankred
Tankred
Tara
Taras
Taras
Tarsicius
Taťána
Taťána
Taťána
Tea
Tea
Tea
Tekla
Tekla
Teobald
Teobald
Teodor
Teodor
Teodor
Teodora
Teodora
Teodorik
Teodorik
Teodoz
Teodoz
Teodozie
Teodozie
Teofan
Teofan
Teofil
Teofil
Teofila
Teofila
Terenc
Terenc
Terencius
Terencius
Tereza
Tereza
Tereza
Terezie
Terezie
Terezie
Thea
Thea
Theobald
Theobald
Theodor
Theodor
Theodora
Theodora
Theodorik
Theodorik
Theodosie
Theodosie
Theofan
Theofan
Theofil
Theofil
Theofila
Theofila
Tiber
Tiber
Tiberius
Tiberius
Tibor
Tibor
Tibor
Tiburcius
Tiburcius
Tichomil
Tichomil
Tichomír
Tichomír
Tichon
Tichon
Timon
Timon
Timotej
Timotej
Timoteus
Timoteus
Timur
Timur
Titus
Titus
Tobiáš
Tobiáš
Tobiáš
Tomáš
Tomáš
Tomáš
Tomáška
Tomáška
Tomislav
Tomislav
Toni
Tor
Tor
Torkvát
Torkvát
Torsten
Torsten
Toska
Toska
Tristan
Tristan
Tristan
úáááá
Úáááá
Ůáááá
ůááááá
Udo
Udo
Udo
Ulrich
Ulrich
Ulrika
Ulrika
Ulrika
Uma
Una
Una
Upton
Upton
Urban
Urban
Urban
Uršula
Uršula
Uršula
Uve
Uve
Uvo
Václav
Václav
Václav
Václava
Václava
Vadim
Vadim
Valburga
Valburga
Valdemar
Valdemar
Valdemar
Valdemara
Valdemara
Valentin
Valentin
Valentina
Valentina
Valentýn
Valentýn
Valentýn
Valentýna
Valentýna
Valentýna
Valerián
Valerián
Valerie
Valerie
Valerie
Valérie
Valérie
Valter
Valter
Valtr
Valtr
Vanda
Vanda
Vanda
Vanesa
Vanesa
Vanesa
Vasil
Vasil
Vavřinec
Vavřinec
Vavřinec
Věduna
Věduna
Veleslav
Veleslav
Veleslava
Veleslava
Velimír
Velimír
Velislav
Velislav
Velislava
Velislava
Velmidlouhéslovoprooriznuti
Věnceslav
Věnceslav
Věnceslav
Věnceslava
Věnceslava
Vendelín
Vendelín
Vendelín
Vendelína
Vendelína
Vendula
Vendula
Vendula
Vendulka
Vendulka
Věnek
Věnek
Věnka
Věnka
Venuše
Venuše
Věra
Věra
Věra
Verner
Verner
Verona
Verona
Veronika
Veronika
Veronika
Věroslav
Věroslav
Věroslav
Věroslava
Věroslava
Věslava
Věslava
Vesna
Vesna
Vidor
Vidor
Viktor
Viktor
Viktor
Viktorie
Viktorie
Viktorie
Viktorin
Viktorin
Viktorín
Viktorín
Vilém
Vilém
Vilém
Viléma
Viléma
Vilemína
Vilemína
Vili
Vilibald
Vilibald
Vilma
Vilma
Vilma
Vilmar
Vilmar
Vincenc
Vincenc
Vincenc
Vincencie
Vincencie
Viola
Viola
Viola
Violeta
Violeta
Violka
Virgil
Virgil
Virgin
Virgin
Virginie
Virginie
Virgínie
Virgínie
Vít
Vít
Vít
Víta
Víta
Vítězslav
Vítězslav
Vítězslav
Vítězslava
Vítězslava
Vitold
Vitold
Vítoslav
Vítoslav
Vivian
Vivian
Viviana
Viviana
Vlad
Vladan
Vladan
Vladan
Vladana
Vladana
Vladěna
Vladěna
Vladěna
Vladimír
Vladimír
Vladimír
Vladimíra
Vladimíra
Vladimíra
Vladislav
Vladislav
Vladislav
Vladislava
Vladislava
Vladivoj
Vladivoj
Vladivoj
Vlasta
Vlasta
Vlasta
Vlastimil
Vlastimil
Vlastimil
Vlastimila
Vlastimila
Vlastimír
Vlastimír
Vlastimíra
Vlastimíra
Vlastislav
Vlastislav
Vlastislav
Vlastislava
Vlastislava
Vlk
Vlk
Vnislav
Vojen
Vojen
Vojen
Vojmil
Vojmil
Vojmír
Vojmír
Vojmíra
Vojmíra
Vojslav
Vojslav
Vojslava
Vojslava
Vojtěch
Vojtěch
Vojtěch
Vojtěška
Vojtěška
Vok
Vok
Volfgang
Volfgang
Voršila
Voršila
Vratislav
Vratislav
Vratislav
Vratislava
Vratislava
Vsevolod
Vsevolod
Vsevolod
Všeboj
Všeboj
Všebor
Všebor
Všerad
Všerad
Všeslav
Všeslav
Wïlliam
Waldemar
Walter
Werner
Xaver
Xaver
Xaver
Xaverie
Xaverie
Xaverie
Xaverius
Xaverius
Xaverius
Xenie
Xenie
Xenie
Yveta
Záboj
Záboj
Záboj
Zachar
Zachar
Zachar
Zachariáš
Zachariáš
Zachariáš
Zaida
Zaida
Zaida
Zaira
Zaira
Zaira
Záviš
Záviš
Záviš
Zbislav
Zbislav
Zbislav
Zbyhněv
Zbyhněv
Zbyhněv
Zbyhněva
Zbyhněva
Zbyhněva
Zbyněk
Zbyněk
Zbyněk
Zbyňka
Zbyňka
Zbyňka
Zbyslav
Zbyslav
Zbyslav
Zbyslava
Zbyslava
Zbyslava
Zbyšek
Zbyšek
Zbyšek
Zbyška
Zbyška
Zbyška
Zdena
Zdena
Zdena
Zdeněk
Zdeněk
Zdeněk
Zdenka
Zdenka
Zdenka
Zdeňka
Zdeňka
Zdeňka
Zderad
Zderad
Zderad
Zdeslav
Zdeslav
Zdeslav
Zdeslava
Zdeslava
Zdeslava
Zdík
Zdík
Zdík
Zdirad
Zdirad
Zdirad
Zdislav
Zdislav
Zdislav
Zdislava
Zdislava
Zdislava
Zeno
Zeno
Zeno
Zenobie
Zenobie
Zenobie
Zenon
Zenon
Zenon
Zikmund
Zikmund
Zikmund
Zina
Zina
Zina
Zinaida
Zinaida
Zinaida
Zita
Zita
Zita
Zlata
Zlata
Zlata
Zlatan
Zlatan
Zlatan
Zlatko
Zlatko
Zlatko
Zlatomír
Zlatomír
Zlatomír
Zlatomíra
Zlatomíra
Zlatomíra
Zlatuše
Zlatuše
Zlatuše
Zoe
Zoe
Zoe
Zoja
Zoja
Zoja
Zoltán
Zoltán
Zoltán
Zora
Zora
Zora
Zoran
Zoran
Zoran
Zoroslav
Zoroslav
Zoroslav
Zoroslava
Zoroslava
Zoroslava
Zosim
Zosim
Zosim
Zuzana
Zuzana
Zuzana
Zvonimír
Zvonimír
Zvonimír
Zvonimíra
Zvonimíra
Zvonimíra
Žakelina
Žakelina
Žakelina
Žakelína
Žakelína
Žakelína
Žaneta
Žaneta
Žaneta
Žarko
Žarko
Žarko
Ždan
Ždan
Ždan
Ždana
Ždana
Ždana
Želibor
Želibor
Želibor
Želimír
Želimír
Želimír
Želimíra
Želimíra
Želimíra
Želislav
Želislav
Želislav
Želislava
Želislava
Želislava
Želmír
Želmír
Želmír
Želmíra
Želmíra
Želmíra
Žibřid
Žitomír
Žitomír
Žitomír
Žitomíra
Žitomíra
Žitomíra
Žitoslav
Žitoslav
Žitoslav
Žitoslava
Žitoslava
Žitoslava
Živa
Živa
Živa
Živan
Živan
Živan
Živana
Živana
Živana
Žofie
Žofie
Žofie
Žukelína
0000000000
0000000001
0000000002
0000000003
0000000004
0000000005
0000000006
0000000007
0000000008
0000000009
0123456789
1234567890
1234567890 12354678901 123456789012
2345678901
3456789012
4567890123
5678901234
6789012345
7890123456
8901234567
9012345678
.
,
;
?
!
:
"
-
|
/
\
(
)
[
]
<
>
{
}
&
£
§
%
$
=
+
×
*
#
~
